# JRE version: Java(TM) SE Runtime Environment (17.0.10+11) (build 17.0.10+11-LTS-240)
# Java VM: Java HotSpot(TM) 64-Bit Server VM (17.0.10+11-LTS-240, mixed mode, sharing, tiered, compressed oops, compressed class ptrs, g1 gc, windows-amd64)
GC Precious Log:
 CPUs: 12 total, 12 available
 Memory: 7365M
 Large Page Support: Disabled
 NUMA Support: Disabled
 Compressed Oops: Enabled (32-bit)
 Heap Region Size: 1M
 Heap Min Capacity: 8M
 Heap Initial Capacity: 116M
 Heap Max Capacity: 1842M
 Pre-touch: Disabled
 Parallel Workers: 10
 Concurrent Workers: 3
 Concurrent Refinement Workers: 10
 Periodic GC: Disabled
Heap:
 garbage-first heap   total 68608K, used 42342K [0x000000008ce00000, 0x0000000100000000)
  region size 1024K, 21 young (21504K), 4 survivors (4096K)
 Metaspace       used 67273K, committed 67840K, reserved 1114112K
  class space    used 9036K, committed 9344K, reserved 1048576K
GC Heap History (20 events):
Event: 1.118 GC heap before
{Heap before GC invocations=1 (full 0):
 garbage-first heap   total 118784K, used 34483K [0x000000008ce00000, 0x0000000100000000)
  region size 1024K, 31 young (31744K), 3 survivors (3072K)
 Metaspace       used 13576K, committed 13760K, reserved 1114112K
  class space    used 1630K, committed 1728K, reserved 1048576K
}
Event: 1.124 GC heap after
{Heap after GC invocations=2 (full 0):
 garbage-first heap   total 118784K, used 9430K [0x000000008ce00000, 0x0000000100000000)
  region size 1024K, 3 young (3072K), 3 survivors (3072K)
 Metaspace       used 13576K, committed 13760K, reserved 1114112K
  class space    used 1630K, committed 1728K, reserved 1048576K
}
Event: 2.189 GC heap before
{Heap before GC invocations=2 (full 0):
 garbage-first heap   total 118784K, used 57558K [0x000000008ce00000, 0x0000000100000000)
  region size 1024K, 52 young (53248K), 3 survivors (3072K)
 Metaspace       used 21310K, committed 21504K, reserved 1114112K
  class space    used 2643K, committed 2752K, reserved 1048576K
}
Event: 2.198 GC heap after
{Heap after GC invocations=3 (full 0):
 garbage-first heap   total 118784K, used 13342K [0x000000008ce00000, 0x0000000100000000)
  region size 1024K, 7 young (7168K), 7 survivors (7168K)
 Metaspace       used 21310K, committed 21504K, reserved 1114112K
  class space    used 2643K, committed 2752K, reserved 1048576K
}
Event: 2.802 GC heap before
{Heap before GC invocations=4 (full 0):
 garbage-first heap   total 51200K, used 36894K [0x000000008ce00000, 0x0000000100000000)
  region size 1024K, 30 young (30720K), 7 survivors (7168K)
 Metaspace       used 26223K, committed 26560K, reserved 1114112K
  class space    used 3333K, committed 3520K, reserved 1048576K
}
Event: 2.812 GC heap after
{Heap after GC invocations=5 (full 0):
 garbage-first heap   total 51200K, used 15961K [0x000000008ce00000, 0x0000000100000000)
  region size 1024K, 3 young (3072K), 3 survivors (3072K)
 Metaspace       used 26223K, committed 26560K, reserved 1114112K
  class space    used 3333K, committed 3520K, reserved 1048576K
}
Event: 2.833 GC heap before
{Heap before GC invocations=5 (full 0):
 garbage-first heap   total 51200K, used 15961K [0x000000008ce00000, 0x0000000100000000)
  region size 1024K, 4 young (4096K), 3 survivors (3072K)
 Metaspace       used 26486K, committed 26880K, reserved 1114112K
  class space    used 3355K, committed 3520K, reserved 1048576K
}
Event: 2.838 GC heap after
{Heap after GC invocations=6 (full 0):
 garbage-first heap   total 51200K, used 16448K [0x000000008ce00000, 0x0000000100000000)
  region size 1024K, 1 young (1024K), 1 survivors (1024K)
 Metaspace       used 26486K, committed 26880K, reserved 1114112K
  class space    used 3355K, committed 3520K, reserved 1048576K
}
Event: 3.276 GC heap before
{Heap before GC invocations=6 (full 0):
 garbage-first heap   total 51200K, used 34880K [0x000000008ce00000, 0x0000000100000000)
  region size 1024K, 20 young (20480K), 1 survivors (1024K)
 Metaspace       used 30176K, committed 30656K, reserved 1114112K
  class space    used 3849K, committed 4096K, reserved 1048576K
}
Event: 3.279 GC heap after
{Heap after GC invocations=7 (full 0):
 garbage-first heap   total 87040K, used 17122K [0x000000008ce00000, 0x0000000100000000)
  region size 1024K, 2 young (2048K), 2 survivors (2048K)
 Metaspace       used 30176K, committed 30656K, reserved 1114112K
  class space    used 3849K, committed 4096K, reserved 1048576K
}
Event: 3.692 GC heap before
{Heap before GC invocations=7 (full 0):
 garbage-first heap   total 87040K, used 37602K [0x000000008ce00000, 0x0000000100000000)
  region size 1024K, 23 young (23552K), 2 survivors (2048K)
 Metaspace       used 35563K, committed 35968K, reserved 1114112K
  class space    used 4643K, committed 4864K, reserved 1048576K
}
Event: 3.695 GC heap after
{Heap after GC invocations=8 (full 0):
 garbage-first heap   total 87040K, used 18413K [0x000000008ce00000, 0x0000000100000000)
  region size 1024K, 3 young (3072K), 3 survivors (3072K)
 Metaspace       used 35563K, committed 35968K, reserved 1114112K
  class space    used 4643K, committed 4864K, reserved 1048576K
}
Event: 4.774 GC heap before
{Heap before GC invocations=9 (full 0):
 garbage-first heap   total 68608K, used 56301K [0x000000008ce00000, 0x0000000100000000)
  region size 1024K, 40 young (40960K), 3 survivors (3072K)
 Metaspace       used 49078K, committed 49536K, reserved 1114112K
  class space    used 6451K, committed 6656K, reserved 1048576K
}
Event: 4.777 GC heap after
{Heap after GC invocations=10 (full 0):
 garbage-first heap   total 68608K, used 21243K [0x000000008ce00000, 0x0000000100000000)
  region size 1024K, 5 young (5120K), 5 survivors (5120K)
 Metaspace       used 49078K, committed 49536K, reserved 1114112K
  class space    used 6451K, committed 6656K, reserved 1048576K
}
Event: 5.385 GC heap before
{Heap before GC invocations=10 (full 0):
 garbage-first heap   total 68608K, used 51963K [0x000000008ce00000, 0x0000000100000000)
  region size 1024K, 35 young (35840K), 5 survivors (5120K)
 Metaspace       used 56569K, committed 57024K, reserved 1114112K
  class space    used 7590K, committed 7808K, reserved 1048576K
}
Event: 5.389 GC heap after
{Heap after GC invocations=11 (full 0):
 garbage-first heap   total 68608K, used 23398K [0x000000008ce00000, 0x0000000100000000)
  region size 1024K, 3 young (3072K), 3 survivors (3072K)
 Metaspace       used 56569K, committed 57024K, reserved 1114112K
  class space    used 7590K, committed 7808K, reserved 1048576K
}
Event: 5.762 GC heap before
{Heap before GC invocations=11 (full 0):
 garbage-first heap   total 68608K, used 38758K [0x000000008ce00000, 0x0000000100000000)
  region size 1024K, 19 young (19456K), 3 survivors (3072K)
 Metaspace       used 59763K, committed 60160K, reserved 1114112K
  class space    used 8056K, committed 8256K, reserved 1048576K
}
Event: 5.765 GC heap after
{Heap after GC invocations=12 (full 0):
 garbage-first heap   total 68608K, used 24581K [0x000000008ce00000, 0x0000000100000000)
  region size 1024K, 4 young (4096K), 4 survivors (4096K)
 Metaspace       used 59763K, committed 60160K, reserved 1114112K
  class space    used 8056K, committed 8256K, reserved 1048576K
}
Event: 43.043 GC heap before
{Heap before GC invocations=13 (full 0):
 garbage-first heap   total 68608K, used 52229K [0x000000008ce00000, 0x0000000100000000)
  region size 1024K, 31 young (31744K), 4 survivors (4096K)
 Metaspace       used 63488K, committed 64000K, reserved 1114112K
  class space    used 8593K, committed 8832K, reserved 1048576K
}
Event: 43.049 GC heap after
{Heap after GC invocations=14 (full 0):
 garbage-first heap   total 68608K, used 26982K [0x000000008ce00000, 0x0000000100000000)
  region size 1024K, 4 young (4096K), 4 survivors (4096K)
 Metaspace       used 63488K, committed 64000K, reserved 1114112K
  class space    used 8593K, committed 8832K, reserved 1048576K
}

