# JRE version: Java(TM) SE Runtime Environment (17.0.10+11) (build 17.0.10+11-LTS-240)
# Java VM: Java HotSpot(TM) 64-Bit Server VM (17.0.10+11-LTS-240, mixed mode, sharing, tiered, compressed oops, compressed class ptrs, g1 gc, windows-amd64)
GC Precious Log:
 CPUs: 12 total, 12 available
 Memory: 7365M
 Large Page Support: Disabled
 NUMA Support: Disabled
 Compressed Oops: Enabled (32-bit)
 Heap Region Size: 1M
 Heap Min Capacity: 8M
 Heap Initial Capacity: 116M
 Heap Max Capacity: 1842M
 Pre-touch: Disabled
 Parallel Workers: 10
 Concurrent Workers: 3
 Concurrent Refinement Workers: 10
 Periodic GC: Disabled
Heap:
 garbage-first heap   total 61440K, used 31345K [0x000000008ce00000, 0x0000000100000000)
  region size 1024K, 7 young (7168K), 1 survivors (1024K)
 Metaspace       used 61914K, committed 62400K, reserved 1114112K
  class space    used 8391K, committed 8640K, reserved 1048576K
GC Heap History (20 events):
Event: 3.451 GC heap before
{Heap before GC invocations=5 (full 0):
 garbage-first heap   total 51200K, used 16073K [0x000000008ce00000, 0x0000000100000000)
  region size 1024K, 4 young (4096K), 3 survivors (3072K)
 Metaspace       used 26483K, committed 26816K, reserved 1114112K
  class space    used 3351K, committed 3520K, reserved 1048576K
}
Event: 3.458 GC heap after
{Heap after GC invocations=6 (full 0):
 garbage-first heap   total 51200K, used 15992K [0x000000008ce00000, 0x0000000100000000)
  region size 1024K, 1 young (1024K), 1 survivors (1024K)
 Metaspace       used 26483K, committed 26816K, reserved 1114112K
  class space    used 3351K, committed 3520K, reserved 1048576K
}
Event: 4.013 GC heap before
{Heap before GC invocations=6 (full 0):
 garbage-first heap   total 51200K, used 35448K [0x000000008ce00000, 0x0000000100000000)
  region size 1024K, 20 young (20480K), 1 survivors (1024K)
 Metaspace       used 30301K, committed 30720K, reserved 1114112K
  class space    used 3866K, committed 4096K, reserved 1048576K
}
Event: 4.015 GC heap after
{Heap after GC invocations=7 (full 0):
 garbage-first heap   total 51200K, used 16674K [0x000000008ce00000, 0x0000000100000000)
  region size 1024K, 2 young (2048K), 2 survivors (2048K)
 Metaspace       used 30301K, committed 30720K, reserved 1114112K
  class space    used 3866K, committed 4096K, reserved 1048576K
}
Event: 4.499 GC heap before
{Heap before GC invocations=7 (full 0):
 garbage-first heap   total 51200K, used 36130K [0x000000008ce00000, 0x0000000100000000)
  region size 1024K, 22 young (22528K), 2 survivors (2048K)
 Metaspace       used 35531K, committed 35968K, reserved 1114112K
  class space    used 4635K, committed 4864K, reserved 1048576K
}
Event: 4.502 GC heap after
{Heap after GC invocations=8 (full 0):
 garbage-first heap   total 51200K, used 17985K [0x000000008ce00000, 0x0000000100000000)
  region size 1024K, 3 young (3072K), 3 survivors (3072K)
 Metaspace       used 35531K, committed 35968K, reserved 1114112K
  class space    used 4635K, committed 4864K, reserved 1048576K
}
Event: 5.251 GC heap before
{Heap before GC invocations=9 (full 0):
 garbage-first heap   total 51200K, used 38465K [0x000000008ce00000, 0x0000000100000000)
  region size 1024K, 23 young (23552K), 3 survivors (3072K)
 Metaspace       used 44445K, committed 44928K, reserved 1114112K
  class space    used 5779K, committed 6016K, reserved 1048576K
}
Event: 5.255 GC heap after
{Heap after GC invocations=10 (full 0):
 garbage-first heap   total 51200K, used 19780K [0x000000008ce00000, 0x0000000100000000)
  region size 1024K, 3 young (3072K), 3 survivors (3072K)
 Metaspace       used 44445K, committed 44928K, reserved 1114112K
  class space    used 5779K, committed 6016K, reserved 1048576K
}
Event: 5.608 GC heap before
{Heap before GC invocations=10 (full 0):
 garbage-first heap   total 51200K, used 37188K [0x000000008ce00000, 0x0000000100000000)
  region size 1024K, 21 young (21504K), 3 survivors (3072K)
 Metaspace       used 49304K, committed 49792K, reserved 1114112K
  class space    used 6479K, committed 6720K, reserved 1048576K
}
Event: 5.612 GC heap after
{Heap after GC invocations=11 (full 0):
 garbage-first heap   total 51200K, used 21127K [0x000000008ce00000, 0x0000000100000000)
  region size 1024K, 2 young (2048K), 2 survivors (2048K)
 Metaspace       used 49304K, committed 49792K, reserved 1114112K
  class space    used 6479K, committed 6720K, reserved 1048576K
}
Event: 6.137 GC heap before
{Heap before GC invocations=11 (full 0):
 garbage-first heap   total 51200K, used 38535K [0x000000008ce00000, 0x0000000100000000)
  region size 1024K, 19 young (19456K), 2 survivors (2048K)
 Metaspace       used 54191K, committed 54720K, reserved 1114112K
  class space    used 7269K, committed 7488K, reserved 1048576K
}
Event: 6.139 GC heap after
{Heap after GC invocations=12 (full 0):
 garbage-first heap   total 51200K, used 21604K [0x000000008ce00000, 0x0000000100000000)
  region size 1024K, 2 young (2048K), 2 survivors (2048K)
 Metaspace       used 54191K, committed 54720K, reserved 1114112K
  class space    used 7269K, committed 7488K, reserved 1048576K
}
Event: 6.577 GC heap before
{Heap before GC invocations=12 (full 0):
 garbage-first heap   total 51200K, used 40036K [0x000000008ce00000, 0x0000000100000000)
  region size 1024K, 20 young (20480K), 2 survivors (2048K)
 Metaspace       used 58002K, committed 58496K, reserved 1114112K
  class space    used 7774K, committed 8000K, reserved 1048576K
}
Event: 6.580 GC heap after
{Heap after GC invocations=13 (full 0):
 garbage-first heap   total 51200K, used 23365K [0x000000008ce00000, 0x0000000100000000)
  region size 1024K, 3 young (3072K), 3 survivors (3072K)
 Metaspace       used 58002K, committed 58496K, reserved 1114112K
  class space    used 7774K, committed 8000K, reserved 1048576K
}
Event: 6.995 GC heap before
{Heap before GC invocations=13 (full 0):
 garbage-first heap   total 51200K, used 32581K [0x000000008ce00000, 0x0000000100000000)
  region size 1024K, 13 young (13312K), 3 survivors (3072K)
 Metaspace       used 59843K, committed 60288K, reserved 1114112K
  class space    used 8060K, committed 8256K, reserved 1048576K
}
Event: 6.998 GC heap after
{Heap after GC invocations=14 (full 0):
 garbage-first heap   total 51200K, used 24468K [0x000000008ce00000, 0x0000000100000000)
  region size 1024K, 2 young (2048K), 2 survivors (2048K)
 Metaspace       used 59843K, committed 60288K, reserved 1114112K
  class space    used 8060K, committed 8256K, reserved 1048576K
}
Event: 7.271 GC heap before
{Heap before GC invocations=15 (full 0):
 garbage-first heap   total 51200K, used 39828K [0x000000008ce00000, 0x0000000100000000)
  region size 1024K, 17 young (17408K), 2 survivors (2048K)
 Metaspace       used 61330K, committed 61824K, reserved 1114112K
  class space    used 8316K, committed 8512K, reserved 1048576K
}
Event: 7.274 GC heap after
{Heap after GC invocations=16 (full 0):
 garbage-first heap   total 61440K, used 25997K [0x000000008ce00000, 0x0000000100000000)
  region size 1024K, 3 young (3072K), 3 survivors (3072K)
 Metaspace       used 61330K, committed 61824K, reserved 1114112K
  class space    used 8316K, committed 8512K, reserved 1048576K
}
Event: 7.278 GC heap before
{Heap before GC invocations=16 (full 0):
 garbage-first heap   total 61440K, used 27021K [0x000000008ce00000, 0x0000000100000000)
  region size 1024K, 4 young (4096K), 3 survivors (3072K)
 Metaspace       used 61334K, committed 61824K, reserved 1114112K
  class space    used 8317K, committed 8512K, reserved 1048576K
}
Event: 7.280 GC heap after
{Heap after GC invocations=17 (full 0):
 garbage-first heap   total 61440K, used 26225K [0x000000008ce00000, 0x0000000100000000)
  region size 1024K, 1 young (1024K), 1 survivors (1024K)
 Metaspace       used 61334K, committed 61824K, reserved 1114112K
  class space    used 8317K, committed 8512K, reserved 1048576K
}

